Build started 2017-05-26 13:56:57.
     1>Project "F:\Projects\Code-samples\AI\Laboration 1a\SM4K\FSM\FSM\FSM.vcxproj" on node 2 (Build target(s)).
     1>ClCompile:
         C:\Program Files (x86)\Microsoft Visual Studio 12.0\VC\bin\CL.exe /c /I"F:\Projects\Code-samples\AI\Laboration 1a\SM4K\FSM\FSM\..\..\middleware\GLFW\include\\" /I"F:\Projects\Code-samples\AI\Laboration 1a\SM4K\FSM\FSM\..\..\middleware\GLEW\include\\" /I"F:\Projects\Code-samples\AI\Laboration 1a\SM4K\FSM\FSM\..\..\middleware\GLM\glm\glm" /ZI /nologo /W3 /WX- /sdl /Od /Oy- /D _MBCS /D _MBCS /D _CRT_SECURE_NO_WARNINGS /Gm /EHsc /RTC1 /MDd /GS /fp:precise /Zc:wchar_t /Zc:forScope /Fo"Debug\\" /Fd"Debug\vc120.pdb" /Gd /TP /analyze- /errorReport:prompt entityManager.cpp loadShaders.cpp main.cpp messageDispatcher.cpp Model.cpp myWindow.cpp Object.cpp shapeGenerators.cpp Text2D.cpp TextureLoader.cpp Unit.cpp UnitStates.cpp
         UnitStates.cpp
         Unit.cpp
     1>f:\projects\code-samples\ai\laboration 1a\sm4k\fsm\fsm\unit.cpp(83): warning C4244: 'argument' : conversion from 'int' to 'float', possible loss of data
     1>f:\projects\code-samples\ai\laboration 1a\sm4k\fsm\fsm\unit.cpp(85): warning C4244: 'argument' : conversion from 'int' to 'float', possible loss of data
     1>f:\projects\code-samples\ai\laboration 1a\sm4k\fsm\fsm\unit.cpp(87): warning C4244: 'argument' : conversion from 'int' to 'float', possible loss of data
     1>f:\projects\code-samples\ai\laboration 1a\sm4k\fsm\fsm\unit.cpp(89): warning C4244: 'argument' : conversion from 'int' to 'float', possible loss of data
     1>f:\projects\code-samples\ai\laboration 1a\sm4k\fsm\fsm\unit.cpp(91): warning C4244: 'argument' : conversion from 'int' to 'float', possible loss of data
     1>f:\projects\code-samples\ai\laboration 1a\sm4k\fsm\fsm\unit.cpp(93): warning C4244: 'argument' : conversion from 'int' to 'float', possible loss of data
     1>f:\projects\code-samples\ai\laboration 1a\sm4k\fsm\fsm\unit.cpp(95): warning C4244: 'argument' : conversion from 'int' to 'float', possible loss of data
     1>f:\projects\code-samples\ai\laboration 1a\sm4k\fsm\fsm\unit.cpp(97): warning C4244: 'argument' : conversion from 'int' to 'float', possible loss of data
     1>f:\projects\code-samples\ai\laboration 1a\sm4k\fsm\fsm\unit.cpp(102): warning C4244: 'return' : conversion from 'const float' to 'int', possible loss of data
     1>f:\projects\code-samples\ai\laboration 1a\sm4k\fsm\fsm\unit.cpp(107): warning C4244: '=' : conversion from 'int' to 'float', possible loss of data
     1>f:\projects\code-samples\ai\laboration 1a\sm4k\fsm\fsm\unit.cpp(272): warning C4244: '=' : conversion from 'double' to 'float', possible loss of data
     1>f:\projects\code-samples\ai\laboration 1a\sm4k\fsm\fsm\unit.cpp(317): warning C4244: 'return' : conversion from 'double' to 'float', possible loss of data
         TextureLoader.cpp
         Text2D.cpp
         shapeGenerators.cpp
         Object.cpp
         myWindow.cpp
     1>c:\program files (x86)\windows kits\8.1\include\shared\minwindef.h(130): warning C4005: 'APIENTRY' : macro redefinition
                 f:\projects\code-samples\ai\laboration 1a\sm4k\middleware\glfw\include\glfw\glfw3.h(92) : see previous definition of 'APIENTRY'
     1>f:\projects\code-samples\ai\laboration 1a\sm4k\fsm\fsm\mywindow.h(72): warning C4244: 'initializing' : conversion from 'int' to 'float', possible loss of data
     1>f:\projects\code-samples\ai\laboration 1a\sm4k\fsm\fsm\mywindow.cpp(25): warning C4244: 'argument' : conversion from 'float' to 'int', possible loss of data
     1>f:\projects\code-samples\ai\laboration 1a\sm4k\fsm\fsm\mywindow.cpp(73): warning C4244: 'argument' : conversion from 'float' to 'unsigned int', possible loss of data
     1>f:\projects\code-samples\ai\laboration 1a\sm4k\fsm\fsm\mywindow.cpp(186): warning C4244: '=' : conversion from 'double' to 'float', possible loss of data
     1>f:\projects\code-samples\ai\laboration 1a\sm4k\fsm\fsm\mywindow.cpp(189): warning C4018: '<' : signed/unsigned mismatch
         Model.cpp
         messageDispatcher.cpp
     1>f:\projects\code-samples\ai\laboration 1a\sm4k\fsm\fsm\messagedispatcher.cpp(32): warning C4244: 'initializing' : conversion from 'double' to 'float', possible loss of data
     1>f:\projects\code-samples\ai\laboration 1a\sm4k\fsm\fsm\messagedispatcher.cpp(43): warning C4244: 'initializing' : conversion from 'double' to 'float', possible loss of data
         main.cpp
     1>c:\program files (x86)\windows kits\8.1\include\shared\minwindef.h(130): warning C4005: 'APIENTRY' : macro redefinition
                 f:\projects\code-samples\ai\laboration 1a\sm4k\middleware\glfw\include\glfw\glfw3.h(92) : see previous definition of 'APIENTRY'
     1>f:\projects\code-samples\ai\laboration 1a\sm4k\fsm\fsm\mywindow.h(72): warning C4244: 'initializing' : conversion from 'int' to 'float', possible loss of data
     1>f:\projects\code-samples\ai\laboration 1a\sm4k\fsm\fsm\main.cpp(19): warning C4244: 'argument' : conversion from 'float' to 'int', possible loss of data
         loadShaders.cpp
         entityManager.cpp
         Generating Code...
     1>f:\projects\code-samples\ai\laboration 1a\sm4k\fsm\fsm\object.cpp(66): warning C4715: 'Object::getName' : not all control paths return a value
     1>f:\projects\code-samples\ai\laboration 1a\sm4k\fsm\fsm\unit.cpp(243): warning C4715: 'Unit::getOffsetX' : not all control paths return a value
     1>f:\projects\code-samples\ai\laboration 1a\sm4k\fsm\fsm\unit.cpp(258): warning C4715: 'Unit::getOffsetY' : not all control paths return a value
     1>f:\projects\code-samples\ai\laboration 1a\sm4k\fsm\fsm\locations.h(54): warning C4715: 'locationList::getListOfLocations' : not all control paths return a value
       Link:
         C:\Program Files (x86)\Microsoft Visual Studio 12.0\VC\bin\link.exe /ERRORREPORT:PROMPT /OUT:"F:\Projects\Code-samples\AI\Laboration 1a\SM4K\FSM\Debug\FSM.exe" /INCREMENTAL /NOLOGO /LIBPATH:"F:\Projects\Code-samples\AI\Laboration 1a\SM4K\FSM\FSM\..\..\middleware\GLFW\lib" /LIBPATH:"F:\Projects\Code-samples\AI\Laboration 1a\SM4K\FSM\FSM\..\..\middleware\GLEW\lib" opengl32.lib glew32.lib glfw3.lib kernel32.lib user32.lib gdi32.lib winspool.lib comdlg32.lib advapi32.lib shell32.lib ole32.lib oleaut32.lib uuid.lib odbc32.lib odbccp32.lib /MANIFEST /MANIFESTUAC:"level='asInvoker' uiAccess='false'" /manifest:embed /DEBUG /PDB:"F:\Projects\Code-samples\AI\Laboration 1a\SM4K\FSM\Debug\FSM.pdb" /TLBID:1 /DYNAMICBASE /NXCOMPAT /IMPLIB:"F:\Projects\Code-samples\AI\Laboration 1a\SM4K\FSM\Debug\FSM.lib" /MACHINE:X86 Debug\entityManager.obj
         Debug\loadShaders.obj
         Debug\main.obj
         Debug\messageDispatcher.obj
         Debug\Model.obj
         Debug\myWindow.obj
         Debug\Object.obj
         Debug\shapeGenerators.obj
         Debug\Text2D.obj
         Debug\TextureLoader.obj
         Debug\Unit.obj
         Debug\UnitStates.obj
     1>LINK : warning LNK4098: defaultlib 'MSVCRT' conflicts with use of other libs; use /NODEFAULTLIB:library
         FSM.vcxproj -> F:\Projects\Code-samples\AI\Laboration 1a\SM4K\FSM\Debug\FSM.exe
     1>Done Building Project "F:\Projects\Code-samples\AI\Laboration 1a\SM4K\FSM\FSM\FSM.vcxproj" (Build target(s)).

Build succeeded.

Time Elapsed 00:00:07.93
